<?xml version="1.0" encoding="UTF-8"?>
<testng-results skipped="0" failed="0" ignored="0" total="2" passed="2">
  <reporter-output>
  </reporter-output>
  <suite name="Default suite" duration-ms="5003" started-at="2021-10-01T11:08:29 IST" finished-at="2021-10-01T11:08:34 IST">
    <groups>
    </groups>
    <test name="Default test" duration-ms="5003" started-at="2021-10-01T11:08:29 IST" finished-at="2021-10-01T11:08:34 IST">
      <class name="Test01_GET">
        <test-method status="PASS" signature="Test_02()[pri:0, instance:Test01_GET@1e965684]" name="Test_02" duration-ms="4702" started-at="2021-10-01T11:08:29 IST" finished-at="2021-10-01T11:08:34 IST">
          <reporter-output>
          </reporter-output>
        </test-method> <!-- Test_02 -->
        <test-method status="PASS" signature="test_01()[pri:0, instance:Test01_GET@1e965684]" name="test_01" duration-ms="227" started-at="2021-10-01T11:08:34 IST" finished-at="2021-10-01T11:08:34 IST">
          <reporter-output>
          </reporter-output>
        </test-method> <!-- test_01 -->
      </class> <!-- Test01_GET -->
    </test> <!-- Default test -->
  </suite> <!-- Default suite -->
</testng-results>
