<?xml version="1.0" encoding="UTF-8"?>
<testng-results skipped="0" failed="0" ignored="0" total="1" passed="1">
  <reporter-output>
  </reporter-output>
  <suite name="Default suite" duration-ms="46813" started-at="2021-10-08T11:55:21 IST" finished-at="2021-10-08T11:56:07 IST">
    <groups>
    </groups>
    <test name="Default test" duration-ms="46813" started-at="2021-10-08T11:55:21 IST" finished-at="2021-10-08T11:56:07 IST">
      <class name="seleniumTests.Test_1">
        <test-method status="PASS" signature="Test()[pri:0, instance:seleniumTests.Test_1@2f943d71]" name="Test" duration-ms="46755" started-at="2021-10-08T11:55:21 IST" finished-at="2021-10-08T11:56:07 IST">
          <reporter-output>
          </reporter-output>
        </test-method> <!-- Test -->
      </class> <!-- seleniumTests.Test_1 -->
    </test> <!-- Default test -->
  </suite> <!-- Default suite -->
</testng-results>
