<?xml version="1.0" encoding="UTF-8"?>
<testng-results skipped="0" failed="0" ignored="0" total="1" passed="1">
  <reporter-output>
  </reporter-output>
  <suite name="Default suite" duration-ms="16188" started-at="2021-10-09T00:27:16 IST" finished-at="2021-10-09T00:27:32 IST">
    <groups>
    </groups>
    <test name="Default test" duration-ms="16188" started-at="2021-10-09T00:27:16 IST" finished-at="2021-10-09T00:27:32 IST">
      <class name="seleniumTests.DragandDrop">
        <test-method status="PASS" signature="dragAndDrop()[pri:0, instance:seleniumTests.DragandDrop@2f943d71]" name="dragAndDrop" duration-ms="16124" started-at="2021-10-09T00:27:16 IST" finished-at="2021-10-09T00:27:32 IST">
          <reporter-output>
          </reporter-output>
        </test-method> <!-- dragAndDrop -->
      </class> <!-- seleniumTests.DragandDrop -->
    </test> <!-- Default test -->
  </suite> <!-- Default suite -->
</testng-results>
